\BOOKMARK [1][-]{section.1}{\376\377\173\227\154\325\127\372\170\100}{}% 1
\BOOKMARK [2][-]{subsection.1.1}{\376\377\145\160\143\156\000\050\000d\000a\000t\000a\000\051\000,\145\160\143\156\121\103\175\040\000\050\000e\000l\000e\000m\000e\000n\000t\000\051\000,\145\160\143\156\230\171\000\050\000i\000t\000e\000m\000\051}{section.1}% 2
\BOOKMARK [2][-]{subsection.1.2}{\376\377\220\073\217\221\176\323\147\204\000\046\162\151\164\006\176\323\147\204}{section.1}% 3
\BOOKMARK [2][-]{subsection.1.3}{\376\377\173\227\154\325\000\050\000a\000l\000g\000o\000r\000i\000t\000h\000m\000\051}{section.1}% 4
\BOOKMARK [2][-]{subsection.1.4}{\376\377\173\227\154\325\131\015\147\102\136\246\000\050\000c\000o\000m\000p\000l\000e\000x\000i\000t\000y\000\051}{section.1}% 5
\BOOKMARK [1][-]{section.2}{\376\377\176\277\140\047\210\150\000\050\000l\000i\000n\000e\000a\000r\000\040\000l\000i\000s\000t\000\051}{}% 6
\BOOKMARK [2][-]{subsection.2.1}{\376\377\230\172\136\217\210\150\000\050\000s\000e\000q\000u\000e\000n\000t\000i\000a\000l\000\040\000l\000i\000s\000t\000\051}{section.2}% 7
\BOOKMARK [2][-]{subsection.2.2}{\376\377\224\376\210\150\000\050\000l\000i\000n\000k\000e\000d\000\040\000l\000i\000s\000t\000\051}{section.2}% 8
\BOOKMARK [3][-]{subsubsection.2.2.1}{\376\377\137\252\163\257\224\376\210\150\000\050\000c\000i\000r\000c\000u\000l\000a\000r\000\040\000l\000i\000n\000k\000e\000d\000\040\000l\000i\000s\000t\000s\000\051}{subsection.2.2}% 9
\BOOKMARK [3][-]{subsubsection.2.2.2}{\376\377\123\314\224\376\210\150\000\050\000d\000o\000u\000b\000l\000y\000\040\000l\000i\000s\000t\000\051}{subsection.2.2}% 10
\BOOKMARK [3][-]{subsubsection.2.2.3}{\376\377\123\314\137\252\163\257\224\376\210\150\000\050\000d\000o\000u\000b\000l\000y\000\040\000l\000i\000n\000k\000e\000d\000\040\000l\000i\000s\000t\000\051}{subsection.2.2}% 11
\BOOKMARK [2][-]{subsection.2.3}{\376\377\116\011\224\376\210\150}{section.2}% 12
\BOOKMARK [2][-]{subsection.2.4}{\376\377\166\370\121\163\225\356\230\230}{section.2}% 13
\BOOKMARK [2][-]{subsection.2.5}{\376\377\150\010\000\050\000s\000t\000a\000c\000k\000\051}{section.2}% 14
\BOOKMARK [3][-]{subsubsection.2.5.1}{\376\377\133\130\120\250\145\271\137\017}{subsection.2.5}% 15
\BOOKMARK [3][-]{subsubsection.2.5.2}{\376\377\127\372\170\100\144\315\117\134}{subsection.2.5}% 16
\BOOKMARK [3][-]{subsubsection.2.5.3}{\376\377\136\224\165\050}{subsection.2.5}% 17
\BOOKMARK [2][-]{subsection.2.6}{\376\377\226\037\122\027\000\050\000q\000u\000e\000u\000e\000\051}{section.2}% 18
\BOOKMARK [2][-]{subsection.2.7}{\376\377\116\062}{section.2}% 19
\BOOKMARK [2][-]{subsection.2.8}{\376\377\145\160\176\304}{section.2}% 20
\BOOKMARK [2][-]{subsection.2.9}{\376\377\136\177\116\111\210\150}{section.2}% 21
\BOOKMARK [2][-]{subsection.2.10}{\376\377\000h\000a\000s\000h\210\150}{section.2}% 22
\BOOKMARK [1][-]{section.3}{\376\377\150\021}{}% 23
\BOOKMARK [2][-]{subsection.3.1}{\376\377\116\214\123\311\150\021}{section.3}% 24
\BOOKMARK [3][-]{subsubsection.3.1.1}{\376\377\124\310\131\053\146\374\150\021\127\372\147\054\151\202\137\365}{subsection.3.1}% 25
\BOOKMARK [3][-]{subsubsection.3.1.2}{\376\377\124\310\131\053\146\374\150\021\147\204\136\372\145\271\154\325}{subsection.3.1}% 26
\BOOKMARK [3][-]{subsubsection.3.1.3}{\376\377\124\310\131\053\146\374\177\026\170\001}{subsection.3.1}% 27
\BOOKMARK [3][-]{subsubsection.3.1.4}{\376\377\124\310\131\053\146\374\150\021\136\224\165\050}{subsection.3.1}% 28
\BOOKMARK [2][-]{subsection.3.2}{\376\377\130\006}{section.3}% 29
\BOOKMARK [3][-]{subsubsection.3.2.1}{\376\377\130\006\166\204\151\202\137\365}{subsection.3.2}% 30
\BOOKMARK [3][-]{subsubsection.3.2.2}{\376\377\130\006\166\204\122\033\136\372}{subsection.3.2}% 31
\BOOKMARK [3][-]{subsubsection.3.2.3}{\376\377\130\006\166\204\143\322\121\145\124\214\122\040\226\144}{subsection.3.2}% 32
\BOOKMARK [3][-]{subsubsection.3.2.4}{\376\377\136\224\165\050}{subsection.3.2}% 33
\BOOKMARK [2][-]{subsection.3.3}{\376\377\136\163\210\141\147\345\142\176\150\021}{section.3}% 34
\BOOKMARK [2][-]{subsection.3.4}{\376\377\131\032\215\357\147\345\142\176\150\021}{section.3}% 35
\BOOKMARK [2][-]{subsection.3.5}{\376\377\130\006\000\050\131\047\000,\134\017\230\166\130\006\000\051}{section.3}% 36
\BOOKMARK [2][-]{subsection.3.6}{\376\377\133\127\121\170\150\021}{section.3}% 37
\BOOKMARK [2][-]{subsection.3.7}{\376\377\136\166\147\345\226\306}{section.3}% 38
\BOOKMARK [1][-]{section.4}{\376\377\126\376}{}% 39
\BOOKMARK [1][-]{section.5}{\376\377\147\345\142\176}{}% 40
\BOOKMARK [1][-]{section.6}{\376\377\143\222\136\217}{}% 41
\BOOKMARK [2][-]{subsection.6.1}{\376\377\172\063\133\232\116\016\116\015\172\063\133\232}{section.6}% 42
\BOOKMARK [2][-]{subsection.6.2}{\376\377\121\205\220\350\143\222\136\217\124\214\131\026\220\350\143\222\136\217}{section.6}% 43
\BOOKMARK [2][-]{subsection.6.3}{\376\377\143\322\121\145\143\222\136\217}{section.6}% 44
